<?xml version="1.0" encoding="UTF-8"?>
<!-- Generated by org.testng.reporters.JUnitXMLReporter -->
<testsuite ignored="0" hostname="Rupesh" failures="0" tests="3" name="Sample Test" time="10.166" errors="0" timestamp="2026-03-19T08:53:09 CDT">
  <testcase classname="com.tests.FirstTest" name="openGoogle" time="1.005"/>
  <testcase classname="com.tests.SeleniumExampleTest" name="mainShouldRunWithoutThrowing_whenChromeDriverAvailable" time="3.219"/>
  <testcase classname="com.tests.SecondTestTest" name="mainShouldNotThrow_whenChromeDriverAvailable" time="2.658"/>
</testsuite> <!-- Sample Test -->
