<?xml version="1.0" encoding="UTF-8"?>
<testng-results ignored="0" total="1" passed="1" failed="0" skipped="0">
  <reporter-output>
  </reporter-output>
  <suite started-at="2026-02-05T15:12:45 CST" name="Selenium Suite" finished-at="2026-02-05T15:12:50 CST" duration-ms="4938">
    <groups>
    </groups>
    <test started-at="2026-02-05T15:12:45 CST" name="Sample Test" finished-at="2026-02-05T15:12:50 CST" duration-ms="4938">
      <class name="com.tests.FirstTest">
        <test-method is-config="true" signature="setup()[pri:0, instance:com.tests.FirstTest@527e5409]" started-at="2026-02-05T15:12:45 CST" name="setup" finished-at="2026-02-05T15:12:49 CST" duration-ms="4016" status="PASS">
          <reporter-output>
          </reporter-output>
        </test-method> <!-- setup -->
        <test-method signature="openGoogle()[pri:0, instance:com.tests.FirstTest@527e5409]" started-at="2026-02-05T15:12:49 CST" name="openGoogle" finished-at="2026-02-05T15:12:50 CST" duration-ms="744" status="PASS">
          <reporter-output>
          </reporter-output>
        </test-method> <!-- openGoogle -->
        <test-method is-config="true" signature="tearDown()[pri:0, instance:com.tests.FirstTest@527e5409]" started-at="2026-02-05T15:12:50 CST" name="tearDown" finished-at="2026-02-05T15:12:50 CST" duration-ms="148" status="PASS">
          <reporter-output>
          </reporter-output>
        </test-method> <!-- tearDown -->
      </class> <!-- com.tests.FirstTest -->
    </test> <!-- Sample Test -->
  </suite> <!-- Selenium Suite -->
</testng-results>
